\BOOKMARK [1][-]{section.1}{\376\377\000I\000n\000t\000r\000o\000d\000u\000c\000t\000i\000o\000n}{}% 1
\BOOKMARK [1][-]{section.2}{\376\377\000R\000e\000l\000a\000t\000e\000d\000\040\000W\000o\000r\000k}{}% 2
\BOOKMARK [2][-]{subsection.2.1}{\376\377\000D\000e\000l\000i\000v\000e\000r\000y}{section.2}% 3
\BOOKMARK [2][-]{subsection.2.2}{\376\377\000V\000e\000r\000i\000f\000i\000c\000a\000t\000i\000o\000n}{section.2}% 4
\BOOKMARK [2][-]{subsection.2.3}{\376\377\000B\000l\000o\000c\000k\000c\000h\000a\000i\000n\000\040\000i\000m\000p\000l\000e\000m\000e\000n\000t\000a\000t\000i\000o\000n\000s}{section.2}% 5
\BOOKMARK [2][-]{subsection.2.4}{\376\377\000F\000r\000a\000m\000e\000w\000o\000r\000k\000s}{section.2}% 6
\BOOKMARK [2][-]{subsection.2.5}{\376\377\000S\000u\000m\000m\000a\000r\000y}{section.2}% 7
\BOOKMARK [1][-]{section.3}{\376\377\000T\000e\000s\000t\000b\000e\000d\000\040\000I\000m\000p\000l\000e\000m\000e\000n\000t\000a\000t\000i\000o\000n}{}% 8
\BOOKMARK [2][-]{subsection.3.1}{\376\377\000D\000e\000f\000i\000n\000i\000t\000i\000o\000n\000s}{section.3}% 9
\BOOKMARK [3][-]{subsubsection.3.1.1}{\376\377\000B\000l\000o\000c\000k\000c\000h\000a\000i\000n}{subsection.3.1}% 10
\BOOKMARK [3][-]{subsubsection.3.1.2}{\376\377\000E\000t\000h\000e\000r\000e\000u\000m}{subsection.3.1}% 11
\BOOKMARK [3][-]{subsubsection.3.1.3}{\376\377\000G\000e\000t\000h}{subsection.3.1}% 12
\BOOKMARK [3][-]{subsubsection.3.1.4}{\376\377\000G\000e\000t\000h\000\040\000P\000r\000i\000v\000a\000t\000e\000\040\000N\000e\000t\000w\000o\000r\000k}{subsection.3.1}% 13
\BOOKMARK [3][-]{subsubsection.3.1.5}{\376\377\000D\000e\000c\000e\000n\000t\000r\000a\000l\000i\000z\000e\000d\000\040\000S\000t\000o\000r\000a\000g\000e}{subsection.3.1}% 14
\BOOKMARK [3][-]{subsubsection.3.1.6}{\376\377\000I\000P\000F\000S}{subsection.3.1}% 15
\BOOKMARK [3][-]{subsubsection.3.1.7}{\376\377\000I\000P\000F\000S\000\040\000P\000r\000i\000v\000a\000t\000e\000\040\000N\000e\000t\000w\000o\000r\000k}{subsection.3.1}% 16
\BOOKMARK [2][-]{subsection.3.2}{\376\377\000D\000e\000s\000i\000g\000n}{section.3}% 17
\BOOKMARK [2][-]{subsection.3.3}{\376\377\000D\000a\000t\000a\000\040\000F\000l\000o\000w}{section.3}% 18
\BOOKMARK [2][-]{subsection.3.4}{\376\377\000P\000s\000e\000u\000d\000o\000c\000o\000d\000e}{section.3}% 19
\BOOKMARK [2][-]{subsection.3.5}{\376\377\000D\000e\000v\000e\000l\000o\000p\000m\000e\000n\000t}{section.3}% 20
\BOOKMARK [3][-]{subsubsection.3.5.1}{\376\377\000S\000e\000r\000v\000e\000r\000\040\000S\000i\000d\000e}{subsection.3.5}% 21
\BOOKMARK [3][-]{subsubsection.3.5.2}{\376\377\000C\000l\000i\000e\000n\000t\000\040\000S\000i\000d\000e}{subsection.3.5}% 22
\BOOKMARK [1][-]{section.4}{\376\377\000D\000e\000p\000l\000o\000y\000m\000e\000n\000t}{}% 23
\BOOKMARK [2][-]{subsection.4.1}{\376\377\000S\000t\000a\000r\000t\000i\000n\000g\000\040\000t\000h\000e\000\040\000t\000e\000s\000t\000b\000e\000d\000\040\000i\000n\000\040\000A\000W\000S}{section.4}% 24
\BOOKMARK [2][-]{subsection.4.2}{\376\377\000U\000s\000e\000r\000\040\000i\000n\000t\000e\000r\000a\000c\000t\000i\000o\000n\000\040\000w\000i\000t\000h\000\040\000t\000h\000e\000\040\000t\000e\000s\000t\000b\000e\000d}{section.4}% 25
\BOOKMARK [1][-]{section.5}{\376\377\000C\000o\000n\000c\000l\000u\000s\000i\000o\000n}{}% 26
\BOOKMARK [1][-]{section.6}{\376\377\000F\000u\000t\000u\000r\000e\000\040\000W\000o\000r\000k}{}% 27
\BOOKMARK [1][-]{section.7}{\376\377\000R\000e\000f\000e\000r\000e\000n\000c\000e\000s}{}% 28
